[2026-03-14T06:56:37.795Z] Plugin initialized: 4 commands [
  "opsx-apply",
  "opsx-archive",
  "opsx-explore",
  "opsx-propose"
]
[2026-03-14T06:56:39.526Z] Registered /subtask command
[2026-03-14T07:08:12.358Z] cmd.before: opsx:explore no config
[2026-03-14T07:08:12.358Z] Processing 1 parts for $TURN refs
[2026-03-14T07:08:12.358Z] Part type=text, hasPrompt=false, hasText=true
[2026-03-14T07:08:12.358Z] Text part (first 200): <command-instruction>
Enter explore mode. Think deeply. Visualize freely. Follow the conversation wherever it goes.

**IMPORTANT: Explore mode is for thinking, not implementing.** You may read files
[2026-03-14T07:08:13.486Z] message-hooks: ENTRY msgCount=1, sessions=ses_314d36f47ffeslNn5xTgxsw46m
[2026-03-14T07:08:13.486Z] message-hooks: MESSAGES: [0]user: text:"[search-mode]
MAXIMIZE SEARCH EFFORT. La..."
[2026-03-14T07:08:13.486Z] message-hooks: post-filter, msgCount=1
[2026-03-14T07:08:13.486Z] message-hooks: about to search for OPENCODE_GENERIC
[2026-03-14T07:08:13.486Z] message-hooks: searching 1 messages for OPENCODE_GENERIC
[2026-03-14T07:08:13.486Z] message-hooks: generic search complete, found=false, index=-1
[2026-03-14T07:08:13.486Z] message-hooks: no generic part found, checking for pending prompt return
[2026-03-14T07:08:26.322Z] message-hooks: ENTRY msgCount=2, sessions=ses_314d36f47ffeslNn5xTgxsw46m
[2026-03-14T07:08:26.322Z] message-hooks: MESSAGES: [0]user: text:"[search-mode]
MAXIMIZE SEARCH EFFORT. La..." | [1]assistant: step-start, reasoning, tool:completed, step-finish
[2026-03-14T07:08:26.322Z] message-hooks: post-filter, msgCount=2
[2026-03-14T07:08:26.322Z] message-hooks: about to search for OPENCODE_GENERIC
[2026-03-14T07:08:26.322Z] message-hooks: searching 2 messages for OPENCODE_GENERIC
[2026-03-14T07:08:26.322Z] message-hooks: generic search complete, found=false, index=-1
[2026-03-14T07:08:26.322Z] message-hooks: no generic part found, checking for pending prompt return
[2026-03-14T07:08:34.491Z] message-hooks: ENTRY msgCount=3, sessions=ses_314d36f47ffeslNn5xTgxsw46m
[2026-03-14T07:08:34.492Z] message-hooks: MESSAGES: [0]user: text:"[search-mode]
MAXIMIZE SEARCH EFFORT. La..." | [1]assistant: step-start, reasoning, tool:completed, step-finish | [2]assistant: step-start, reasoning, tool:completed, step-finish
[2026-03-14T07:08:34.492Z] message-hooks: post-filter, msgCount=3
[2026-03-14T07:08:34.492Z] message-hooks: about to search for OPENCODE_GENERIC
[2026-03-14T07:08:34.492Z] message-hooks: searching 3 messages for OPENCODE_GENERIC
[2026-03-14T07:08:34.492Z] message-hooks: generic search complete, found=false, index=-1
[2026-03-14T07:08:34.492Z] message-hooks: no generic part found, checking for pending prompt return
[2026-03-14T07:08:42.993Z] message-hooks: ENTRY msgCount=4, sessions=ses_314d36f47ffeslNn5xTgxsw46m
[2026-03-14T07:08:42.993Z] message-hooks: MESSAGES: [0]user: text:"[search-mode]
MAXIMIZE SEARCH EFFORT. La..." | [1]assistant: step-start, reasoning, tool:completed, step-finish | [2]assistant: step-start, reasoning, tool:completed, step-finish | [3]assistant: step-start, reasoning, tool:completed, step-finish
[2026-03-14T07:08:42.993Z] message-hooks: post-filter, msgCount=4
[2026-03-14T07:08:42.993Z] message-hooks: about to search for OPENCODE_GENERIC
[2026-03-14T07:08:42.993Z] message-hooks: searching 4 messages for OPENCODE_GENERIC
[2026-03-14T07:08:42.993Z] message-hooks: generic search complete, found=false, index=-1
[2026-03-14T07:08:42.993Z] message-hooks: no generic part found, checking for pending prompt return
[2026-03-14T07:08:49.903Z] message-hooks: ENTRY msgCount=5, sessions=ses_314d36f47ffeslNn5xTgxsw46m
[2026-03-14T07:08:49.903Z] message-hooks: MESSAGES: [0]user: text:"[search-mode]
MAXIMIZE SEARCH EFFORT. La..." | [1]assistant: step-start, reasoning, tool:completed, step-finish | [2]assistant: step-start, reasoning, tool:completed, step-finish | [3]assistant: step-start, reasoning, tool:completed, step-finish | [4]assistant: step-start, reasoning, tool:completed, step-finish
[2026-03-14T07:08:49.903Z] message-hooks: post-filter, msgCount=5
[2026-03-14T07:08:49.903Z] message-hooks: about to search for OPENCODE_GENERIC
[2026-03-14T07:08:49.903Z] message-hooks: searching 5 messages for OPENCODE_GENERIC
[2026-03-14T07:08:49.903Z] message-hooks: generic search complete, found=false, index=-1
[2026-03-14T07:08:49.903Z] message-hooks: no generic part found, checking for pending prompt return
[2026-03-14T07:09:20.732Z] session.idle: sessionID=ses_314d36f47ffeslNn5xTgxsw46m
